IMLib/build/outputs/logs/manifest-merger-debug-report.txt
-- Merging decision tree log ---
manifest
ADDED from hongniu_android\IMLib\AndroidManifest.xml:1:1-78:12
INJECTED from hongniu_android\IMLib\AndroidManifest.xml:1:1-78:12
INJECTED from hongniu_android\IMLib\AndroidManifest.xml:1:1-78:12
INJECTED from hongniu_android\IMLib\AndroidManifest.xml:1:1-78:12
INJECTED from hongniu_android\IMLib\AndroidManifest.xml:1:1-78:12
INJECTED from hongniu_android\IMLib\AndroidManifest.xml:1:1-78:12
INJECTED from hongniu_android\IMLib\AndroidManifest.xml:1:1-78:12
	package
		ADDED from hongniu_android\IMLib\AndroidManifest.xml:2:5-28
		INJECTED from hongniu_android\IMLib\AndroidManifest.xml
		INJECTED from hongniu_android\IMLib\AndroidManifest.xml
	android:versionName
		INJECTED from hongniu_android\IMLib\AndroidManifest.xml
		ADDED from hongniu_android\IMLib\AndroidManifest.xml:1:1-78:12
		INJECTED from hongniu_android\IMLib\AndroidManifest.xml
	android:versionCode
		INJECTED from hongniu_android\IMLib\AndroidManifest.xml
		ADDED from hongniu_android\IMLib\AndroidManifest.xml:1:1-78:12
		INJECTED from hongniu_android\IMLib\AndroidManifest.xml
	xmlns:android
		ADDED from hongniu_android\IMLib\AndroidManifest.xml:1:11-69
uses-permission#android.permission.WRITE_EXTERNAL_STORAGE
ADDED from hongniu_android\IMLib\AndroidManifest.xml:4:5-81
	android:name
		ADDED from hongniu_android\IMLib\AndroidManifest.xml:4:22-78
uses-permission#android.permission.INTERNET
ADDED from hongniu_android\IMLib\AndroidManifest.xml:5:5-67
	android:name
		ADDED from hongniu_android\IMLib\AndroidManifest.xml:5:22-64
uses-permission#android.permission.ACCESS_NETWORK_STATE
ADDED from hongniu_android\IMLib\AndroidManifest.xml:6:5-79
	android:name
		ADDED from hongniu_android\IMLib\AndroidManifest.xml:6:22-76
uses-permission#android.permission.ACCESS_WIFI_STATE
ADDED from hongniu_android\IMLib\AndroidManifest.xml:7:5-76
	android:name
		ADDED from hongniu_android\IMLib\AndroidManifest.xml:7:22-73
uses-permission#android.permission.WAKE_LOCK
ADDED from hongniu_android\IMLib\AndroidManifest.xml:8:5-68
	android:name
		ADDED from hongniu_android\IMLib\AndroidManifest.xml:8:22-65
uses-permission#android.permission.ACCESS_FINE_LOCATION
ADDED from hongniu_android\IMLib\AndroidManifest.xml:9:5-79
	android:name
		ADDED from hongniu_android\IMLib\AndroidManifest.xml:9:22-76
application
ADDED from hongniu_android\IMLib\AndroidManifest.xml:11:5-76:19
meta-data#RONG_CLOUD_APP_KEY
ADDED from hongniu_android\IMLib\AndroidManifest.xml:16:9-18:53
	android:value
		ADDED from hongniu_android\IMLib\AndroidManifest.xml:18:13-50
	android:name
		ADDED from hongniu_android\IMLib\AndroidManifest.xml:17:13-46
service#io.rong.imlib.ipc.RongService
ADDED from hongniu_android\IMLib\AndroidManifest.xml:20:9-23:38
	android:process
		ADDED from hongniu_android\IMLib\AndroidManifest.xml:23:13-35
	android:exported
		ADDED from hongniu_android\IMLib\AndroidManifest.xml:22:13-36
	android:name
		ADDED from hongniu_android\IMLib\AndroidManifest.xml:21:13-57
receiver#io.rong.imlib.ConnectChangeReceiver
ADDED from hongniu_android\IMLib\AndroidManifest.xml:25:9-27:39
	android:exported
		ADDED from hongniu_android\IMLib\AndroidManifest.xml:27:13-36
	android:name
		ADDED from hongniu_android\IMLib\AndroidManifest.xml:26:13-63
receiver#io.rong.imlib.HeartbeatReceiver
ADDED from hongniu_android\IMLib\AndroidManifest.xml:29:9-31:38
	android:process
		ADDED from hongniu_android\IMLib\AndroidManifest.xml:31:13-35
	android:name
		ADDED from hongniu_android\IMLib\AndroidManifest.xml:30:13-59
service#io.rong.push.core.PushRegistrationService
ADDED from hongniu_android\IMLib\AndroidManifest.xml:38:9-41:72
	android:exported
		ADDED from hongniu_android\IMLib\AndroidManifest.xml:40:13-36
	android:permission
		ADDED from hongniu_android\IMLib\AndroidManifest.xml:41:13-69
	android:name
		ADDED from hongniu_android\IMLib\AndroidManifest.xml:39:13-69
service#io.rong.push.core.MessageHandleService
ADDED from hongniu_android\IMLib\AndroidManifest.xml:43:9-46:72
	android:exported
		ADDED from hongniu_android\IMLib\AndroidManifest.xml:45:13-36
	android:permission
		ADDED from hongniu_android\IMLib\AndroidManifest.xml:46:13-69
	android:name
		ADDED from hongniu_android\IMLib\AndroidManifest.xml:44:13-66
service#io.rong.push.PushService
ADDED from hongniu_android\IMLib\AndroidManifest.xml:49:9-53:46
	android:process
		ADDED from hongniu_android\IMLib\AndroidManifest.xml:53:13-43
	android:exported
		ADDED from hongniu_android\IMLib\AndroidManifest.xml:51:13-36
	android:permission
		ADDED from hongniu_android\IMLib\AndroidManifest.xml:52:13-69
	android:name
		ADDED from hongniu_android\IMLib\AndroidManifest.xml:50:13-52
receiver#io.rong.push.PushReceiver
ADDED from hongniu_android\IMLib\AndroidManifest.xml:56:9-71:20
	android:process
		ADDED from hongniu_android\IMLib\AndroidManifest.xml:58:13-43
	android:name
		ADDED from hongniu_android\IMLib\AndroidManifest.xml:57:13-53
intent-filter#action:name:android.net.conn.CONNECTIVITY_CHANGE+action:name:io.rong.push.intent.action.HEART_BEAT
ADDED from hongniu_android\IMLib\AndroidManifest.xml:60:13-63:29
action#io.rong.push.intent.action.HEART_BEAT
ADDED from hongniu_android\IMLib\AndroidManifest.xml:61:17-80
	android:name
		ADDED from hongniu_android\IMLib\AndroidManifest.xml:61:25-77
action#android.net.conn.CONNECTIVITY_CHANGE
ADDED from hongniu_android\IMLib\AndroidManifest.xml:62:17-79
	android:name
		ADDED from hongniu_android\IMLib\AndroidManifest.xml:62:25-76
intent-filter#action:name:android.intent.action.ACTION_POWER_CONNECTED+action:name:android.intent.action.ACTION_POWER_DISCONNECTED+action:name:android.intent.action.USER_PRESENT
ADDED from hongniu_android\IMLib\AndroidManifest.xml:66:13-70:29
action#android.intent.action.USER_PRESENT
ADDED from hongniu_android\IMLib\AndroidManifest.xml:67:17-77
	android:name
		ADDED from hongniu_android\IMLib\AndroidManifest.xml:67:25-74
action#android.intent.action.ACTION_POWER_CONNECTED
ADDED from hongniu_android\IMLib\AndroidManifest.xml:68:17-87
	android:name
		ADDED from hongniu_android\IMLib\AndroidManifest.xml:68:25-84
action#android.intent.action.ACTION_POWER_DISCONNECTED
ADDED from hongniu_android\IMLib\AndroidManifest.xml:69:17-90
	android:name
		ADDED from hongniu_android\IMLib\AndroidManifest.xml:69:25-87
uses-sdk
INJECTED from hongniu_android\IMLib\AndroidManifest.xml reason: use-sdk injection requested
INJECTED from hongniu_android\IMLib\AndroidManifest.xml
INJECTED from hongniu_android\IMLib\AndroidManifest.xml
INJECTED from hongniu_android\IMLib\AndroidManifest.xml
INJECTED from hongniu_android\IMLib\AndroidManifest.xml
	android:targetSdkVersion
		INJECTED from hongniu_android\IMLib\AndroidManifest.xml
		ADDED from hongniu_android\IMLib\AndroidManifest.xml
		INJECTED from hongniu_android\IMLib\AndroidManifest.xml
	android:minSdkVersion
		INJECTED from hongniu_android\IMLib\AndroidManifest.xml
		ADDED from hongniu_android\IMLib\AndroidManifest.xml
		INJECTED from hongniu_android\IMLib\AndroidManifest.xml